<?xml version="1.0" encoding="UTF-8"?>
<coverage generated="1740294374">
  <project timestamp="1740294374">
    <file name="/home/runner/work/translatable/translatable/src/Abstract/IsTranslatable.php">
      <class name="Javaabu\Translatable\Abstract\IsTranslatable" namespace="global">
        <metrics complexity="15" methods="9" coveredmethods="9" conditionals="0" coveredconditionals="0" statements="24" coveredstatements="24" elements="33" coveredelements="33"/>
      </class>
      <line num="16" type="method" name="getNonTranslatables" visibility="public" complexity="1" crap="1" count="4"/>
      <line num="18" type="stmt" count="4"/>
      <line num="20" type="stmt" count="4"/>
      <line num="22" type="stmt" count="4"/>
      <line num="30" type="method" name="getAllNonTranslatables" visibility="public" complexity="1" crap="1" count="2"/>
      <line num="32" type="stmt" count="2"/>
      <line num="41" type="method" name="isNonTranslatablePivot" visibility="public" complexity="1" crap="1" count="2"/>
      <line num="43" type="stmt" count="2"/>
      <line num="52" type="method" name="isDefaultTranslationLocale" visibility="public" complexity="1" crap="1" count="17"/>
      <line num="54" type="stmt" count="17"/>
      <line num="63" type="method" name="isAllowedTranslationLocale" visibility="public" complexity="1" crap="1" count="21"/>
      <line num="65" type="stmt" count="21"/>
      <line num="73" type="method" name="getAllowedTranslationLocales" visibility="public" complexity="1" crap="1" count="23"/>
      <line num="75" type="stmt" count="23"/>
      <line num="84" type="method" name="isTranslatable" visibility="public" complexity="1" crap="1" count="20"/>
      <line num="86" type="stmt" count="20"/>
      <line num="97" type="method" name="getFieldAndLocale" visibility="public" complexity="3" crap="3" count="16"/>
      <line num="99" type="stmt" count="16"/>
      <line num="101" type="stmt" count="16"/>
      <line num="102" type="stmt" count="13"/>
      <line num="105" type="stmt" count="6"/>
      <line num="106" type="stmt" count="6"/>
      <line num="109" type="method" name="getAttribute" visibility="public" complexity="5" crap="5" count="17"/>
      <line num="112" type="stmt" count="17"/>
      <line num="113" type="stmt" count="1"/>
      <line num="115" type="stmt" count="1"/>
      <line num="116" type="stmt" count="1"/>
      <line num="120" type="stmt" count="17"/>
      <line num="121" type="stmt" count="3"/>
      <line num="125" type="stmt" count="16"/>
      <line num="126" type="stmt" count="16"/>
      <line num="127" type="stmt" count="6"/>
      <line num="131" type="stmt" count="14"/>
      <metrics loc="134" ncloc="79" classes="1" methods="9" coveredmethods="9" conditionals="0" coveredconditionals="0" statements="24" coveredstatements="24" elements="33" coveredelements="33"/>
    </file>
    <file name="/home/runner/work/translatable/translatable/src/DbTranslatable/DbTranslatableSchema.php">
      <class name="Javaabu\Translatable\DbTranslatable\DbTranslatableSchema" namespace="global">
        <metrics complexity="1" methods="1" coveredmethods="1" conditionals="0" coveredconditionals="0" statements="2" coveredstatements="2" elements="3" coveredelements="3"/>
      </class>
      <line num="9" type="method" name="columns" visibility="public" complexity="1" crap="1" count="39"/>
      <line num="11" type="stmt" count="39"/>
      <line num="13" type="stmt" count="39"/>
      <metrics loc="16" ncloc="16" classes="1" methods="1" coveredmethods="1" conditionals="0" coveredconditionals="0" statements="2" coveredstatements="2" elements="3" coveredelements="3"/>
    </file>
    <file name="/home/runner/work/translatable/translatable/src/DbTranslatable/IsDbTranslatable.php">
      <class name="Javaabu\Translatable\DbTranslatable\IsDbTranslatable" namespace="global">
        <metrics complexity="26" methods="8" coveredmethods="8" conditionals="0" coveredconditionals="0" statements="47" coveredstatements="47" elements="55" coveredelements="55"/>
      </class>
      <line num="13" type="method" name="getFieldsIgnoredForTranslation" visibility="public" complexity="1" crap="1" count="3"/>
      <line num="15" type="stmt" count="3"/>
      <line num="16" type="stmt" count="3"/>
      <line num="17" type="stmt" count="3"/>
      <line num="18" type="stmt" count="3"/>
      <line num="21" type="method" name="translations" visibility="public" complexity="1" crap="1" count="9"/>
      <line num="23" type="stmt" count="9"/>
      <line num="26" type="method" name="defaultTranslation" visibility="public" complexity="1" crap="1" count="2"/>
      <line num="28" type="stmt" count="2"/>
      <line num="31" type="method" name="isDefaultTranslation" visibility="public" complexity="1" crap="1" count="9"/>
      <line num="33" type="stmt" count="9"/>
      <line num="36" type="method" name="translate" visibility="public" complexity="11" crap="11" count="7"/>
      <line num="39" type="stmt" count="7"/>
      <line num="40" type="stmt" count="1"/>
      <line num="44" type="stmt" count="7"/>
      <line num="45" type="stmt" count="1"/>
      <line num="49" type="stmt" count="7"/>
      <line num="50" type="stmt" count="1"/>
      <line num="54" type="stmt" count="7"/>
      <line num="55" type="stmt" count="2"/>
      <line num="59" type="stmt" count="7"/>
      <line num="60" type="stmt" count="7"/>
      <line num="61" type="stmt" count="1"/>
      <line num="64" type="stmt" count="7"/>
      <line num="67" type="stmt" count="7"/>
      <line num="68" type="stmt" count="3"/>
      <line num="71" type="stmt" count="5"/>
      <line num="74" type="method" name="getDefaultTranslationLocale" visibility="public" complexity="1" crap="1" count="9"/>
      <line num="79" type="stmt" count="9"/>
      <line num="82" type="method" name="clearTranslations" visibility="public" complexity="6" crap="6" count="4"/>
      <line num="84" type="stmt" count="4"/>
      <line num="86" type="stmt" count="1"/>
      <line num="87" type="stmt" count="1"/>
      <line num="90" type="stmt" count="3"/>
      <line num="91" type="stmt" count="1"/>
      <line num="93" type="stmt" count="2"/>
      <line num="94" type="stmt" count="2"/>
      <line num="95" type="stmt" count="1"/>
      <line num="97" type="stmt" count="2"/>
      <line num="102" type="method" name="hasTranslation" visibility="public" complexity="4" crap="4" count="1"/>
      <line num="104" type="stmt" count="1"/>
      <line num="105" type="stmt" count="1"/>
      <line num="109" type="stmt" count="1"/>
      <line num="110" type="stmt" count="1"/>
      <line num="113" type="stmt" count="1"/>
      <line num="114" type="stmt" count="1"/>
      <line num="115" type="stmt" count="1"/>
      <line num="117" type="stmt" count="1"/>
      <line num="118" type="stmt" count="1"/>
      <line num="119" type="stmt" count="1"/>
      <line num="120" type="stmt" count="1"/>
      <line num="121" type="stmt" count="1"/>
      <line num="122" type="stmt" count="1"/>
      <line num="123" type="stmt" count="1"/>
      <line num="124" type="stmt" count="1"/>
      <metrics loc="128" ncloc="115" classes="1" methods="8" coveredmethods="8" conditionals="0" coveredconditionals="0" statements="47" coveredstatements="47" elements="55" coveredelements="55"/>
    </file>
    <file name="/home/runner/work/translatable/translatable/src/JsonTranslatable/IsJsonTranslatable.php">
      <class name="Javaabu\Translatable\JsonTranslatable\IsJsonTranslatable" namespace="global">
        <metrics complexity="16" methods="5" coveredmethods="5" conditionals="0" coveredconditionals="0" statements="30" coveredstatements="30" elements="35" coveredelements="35"/>
      </class>
      <line num="18" type="method" name="getFieldsIgnoredForTranslation" visibility="public" complexity="1" crap="1" count="3"/>
      <line num="20" type="stmt" count="3"/>
      <line num="21" type="stmt" count="3"/>
      <line num="22" type="stmt" count="3"/>
      <line num="23" type="stmt" count="3"/>
      <line num="36" type="method" name="translate" visibility="public" complexity="9" crap="9" count="6"/>
      <line num="39" type="stmt" count="6"/>
      <line num="40" type="stmt" count="1"/>
      <line num="44" type="stmt" count="6"/>
      <line num="45" type="stmt" count="1"/>
      <line num="49" type="stmt" count="6"/>
      <line num="50" type="stmt" count="1"/>
      <line num="54" type="stmt" count="6"/>
      <line num="55" type="stmt" count="2"/>
      <line num="58" type="stmt" count="6"/>
      <line num="61" type="stmt" count="6"/>
      <line num="62" type="stmt" count="3"/>
      <line num="65" type="stmt" count="4"/>
      <line num="73" type="method" name="getDefaultTranslationLocale" visibility="public" complexity="1" crap="1" count="8"/>
      <line num="75" type="stmt" count="8"/>
      <line num="84" type="method" name="clearTranslations" visibility="public" complexity="3" crap="3" count="2"/>
      <line num="87" type="stmt" count="2"/>
      <line num="88" type="stmt" count="1"/>
      <line num="89" type="stmt" count="1"/>
      <line num="90" type="stmt" count="1"/>
      <line num="93" type="stmt" count="1"/>
      <line num="95" type="stmt" count="1"/>
      <line num="96" type="stmt" count="1"/>
      <line num="99" type="stmt" count="1"/>
      <line num="101" type="stmt" count="1"/>
      <line num="102" type="stmt" count="1"/>
      <line num="111" type="method" name="hasTranslation" visibility="public" complexity="2" crap="2" count="1"/>
      <line num="113" type="stmt" count="1"/>
      <line num="114" type="stmt" count="1"/>
      <line num="117" type="stmt" count="1"/>
      <metrics loc="120" ncloc="82" classes="1" methods="5" coveredmethods="5" conditionals="0" coveredconditionals="0" statements="30" coveredstatements="30" elements="35" coveredelements="35"/>
    </file>
    <file name="/home/runner/work/translatable/translatable/src/JsonTranslatable/JsonTranslatableSchema.php">
      <class name="Javaabu\Translatable\JsonTranslatable\JsonTranslatableSchema" namespace="global">
        <metrics complexity="1" methods="1" coveredmethods="1" conditionals="0" coveredconditionals="0" statements="2" coveredstatements="2" elements="3" coveredelements="3"/>
      </class>
      <line num="15" type="method" name="columns" visibility="public" complexity="1" crap="1" count="39"/>
      <line num="20" type="stmt" count="39"/>
      <line num="23" type="stmt" count="39"/>
      <metrics loc="26" ncloc="17" classes="1" methods="1" coveredmethods="1" conditionals="0" coveredconditionals="0" statements="2" coveredstatements="2" elements="3" coveredelements="3"/>
    </file>
    <file name="/home/runner/work/translatable/translatable/src/Translatable.php">
      <metrics loc="119" ncloc="36" classes="0" methods="0" coveredmethods="0" conditionals="0" coveredconditionals="0" statements="0" coveredstatements="0" elements="0" coveredelements="0"/>
    </file>
    <file name="/home/runner/work/translatable/translatable/src/TranslatableServiceProvider.php">
      <class name="Javaabu\Translatable\TranslatableServiceProvider" namespace="global">
        <metrics complexity="3" methods="2" coveredmethods="2" conditionals="0" coveredconditionals="0" statements="5" coveredstatements="5" elements="7" coveredelements="7"/>
      </class>
      <line num="12" type="method" name="boot" visibility="public" complexity="2" crap="2" count="40"/>
      <line num="15" type="stmt" count="40"/>
      <line num="16" type="stmt" count="40"/>
      <line num="17" type="stmt" count="40"/>
      <line num="18" type="stmt" count="40"/>
      <line num="25" type="method" name="register" visibility="public" complexity="1" crap="1" count="40"/>
      <line num="28" type="stmt" count="40"/>
      <metrics loc="31" ncloc="23" classes="1" methods="2" coveredmethods="2" conditionals="0" coveredconditionals="0" statements="5" coveredstatements="5" elements="7" coveredelements="7"/>
    </file>
    <metrics files="7" loc="574" ncloc="368" classes="6" methods="26" coveredmethods="26" conditionals="0" coveredconditionals="0" statements="110" coveredstatements="110" elements="136" coveredelements="136"/>
  </project>
</coverage>
