<?xml version="1.0" encoding="UTF-8"?>
<coverage generated="1740382906">
  <project timestamp="1740382906">
    <file name="/home/runner/work/translatable/translatable/src/Abstract/IsTranslatable.php">
      <class name="Javaabu\Translatable\Abstract\IsTranslatable" namespace="global">
        <metrics complexity="22" methods="12" coveredmethods="12" conditionals="0" coveredconditionals="0" statements="35" coveredstatements="35" elements="47" coveredelements="47"/>
      </class>
      <line num="15" type="method" name="getAllAttributes" visibility="public" complexity="1" crap="1" count="7"/>
      <line num="17" type="stmt" count="7"/>
      <line num="27" type="method" name="getNonTranslatables" visibility="public" complexity="1" crap="1" count="4"/>
      <line num="29" type="stmt" count="4"/>
      <line num="31" type="stmt" count="4"/>
      <line num="33" type="stmt" count="4"/>
      <line num="41" type="method" name="getAllNonTranslatables" visibility="public" complexity="1" crap="1" count="2"/>
      <line num="43" type="stmt" count="2"/>
      <line num="52" type="method" name="isNonTranslatablePivot" visibility="public" complexity="1" crap="1" count="2"/>
      <line num="54" type="stmt" count="2"/>
      <line num="63" type="method" name="isDefaultTranslationLocale" visibility="public" complexity="1" crap="1" count="24"/>
      <line num="65" type="stmt" count="24"/>
      <line num="74" type="method" name="isAllowedTranslationLocale" visibility="public" complexity="1" crap="1" count="38"/>
      <line num="76" type="stmt" count="38"/>
      <line num="84" type="method" name="getAllowedTranslationLocales" visibility="public" complexity="1" crap="1" count="38"/>
      <line num="86" type="stmt" count="38"/>
      <line num="95" type="method" name="isTranslatable" visibility="public" complexity="1" crap="1" count="27"/>
      <line num="97" type="stmt" count="27"/>
      <line num="108" type="method" name="addTranslations" visibility="public" complexity="3" crap="3" count="4"/>
      <line num="110" type="stmt" count="4"/>
      <line num="111" type="stmt" count="2"/>
      <line num="114" type="stmt" count="2"/>
      <line num="115" type="stmt" count="2"/>
      <line num="118" type="stmt" count="2"/>
      <line num="129" type="method" name="getFieldAndLocale" visibility="public" complexity="3" crap="3" count="38"/>
      <line num="131" type="stmt" count="38"/>
      <line num="133" type="stmt" count="38"/>
      <line num="134" type="stmt" count="38"/>
      <line num="137" type="stmt" count="13"/>
      <line num="138" type="stmt" count="13"/>
      <line num="141" type="method" name="getAttribute" visibility="public" complexity="5" crap="5" count="24"/>
      <line num="144" type="stmt" count="24"/>
      <line num="145" type="stmt" count="1"/>
      <line num="147" type="stmt" count="1"/>
      <line num="148" type="stmt" count="1"/>
      <line num="152" type="stmt" count="24"/>
      <line num="153" type="stmt" count="6"/>
      <line num="157" type="stmt" count="23"/>
      <line num="158" type="stmt" count="23"/>
      <line num="159" type="stmt" count="10"/>
      <line num="163" type="stmt" count="21"/>
      <line num="169" type="method" name="setAttribute" visibility="public" complexity="3" crap="3" count="38"/>
      <line num="171" type="stmt" count="38"/>
      <line num="173" type="stmt" count="38"/>
      <line num="175" type="stmt" count="3"/>
      <line num="176" type="stmt" count="3"/>
      <line num="179" type="stmt" count="3"/>
      <metrics loc="182" ncloc="111" classes="1" methods="12" coveredmethods="12" conditionals="0" coveredconditionals="0" statements="35" coveredstatements="35" elements="47" coveredelements="47"/>
    </file>
    <file name="/home/runner/work/translatable/translatable/src/DbTranslatable/DbTranslatableSchema.php">
      <class name="Javaabu\Translatable\DbTranslatable\DbTranslatableSchema" namespace="global">
        <metrics complexity="1" methods="1" coveredmethods="1" conditionals="0" coveredconditionals="0" statements="2" coveredstatements="2" elements="3" coveredelements="3"/>
      </class>
      <line num="9" type="method" name="columns" visibility="public" complexity="1" crap="1" count="50"/>
      <line num="11" type="stmt" count="50"/>
      <line num="13" type="stmt" count="50"/>
      <metrics loc="16" ncloc="16" classes="1" methods="1" coveredmethods="1" conditionals="0" coveredconditionals="0" statements="2" coveredstatements="2" elements="3" coveredelements="3"/>
    </file>
    <file name="/home/runner/work/translatable/translatable/src/DbTranslatable/IsDbTranslatable.php">
      <class name="Javaabu\Translatable\DbTranslatable\IsDbTranslatable" namespace="global">
        <metrics complexity="33" methods="9" coveredmethods="9" conditionals="0" coveredconditionals="0" statements="65" coveredstatements="65" elements="74" coveredelements="74"/>
      </class>
      <line num="14" type="method" name="getFieldsIgnoredForTranslation" visibility="public" complexity="1" crap="1" count="3"/>
      <line num="16" type="stmt" count="3"/>
      <line num="17" type="stmt" count="3"/>
      <line num="18" type="stmt" count="3"/>
      <line num="19" type="stmt" count="3"/>
      <line num="22" type="method" name="translations" visibility="public" complexity="1" crap="1" count="12"/>
      <line num="24" type="stmt" count="12"/>
      <line num="27" type="method" name="defaultTranslation" visibility="public" complexity="1" crap="1" count="2"/>
      <line num="29" type="stmt" count="2"/>
      <line num="32" type="method" name="isDefaultTranslation" visibility="public" complexity="1" crap="1" count="13"/>
      <line num="34" type="stmt" count="13"/>
      <line num="37" type="method" name="translate" visibility="public" complexity="11" crap="11" count="11"/>
      <line num="40" type="stmt" count="11"/>
      <line num="41" type="stmt" count="1"/>
      <line num="45" type="stmt" count="11"/>
      <line num="46" type="stmt" count="2"/>
      <line num="50" type="stmt" count="10"/>
      <line num="51" type="stmt" count="1"/>
      <line num="55" type="stmt" count="10"/>
      <line num="56" type="stmt" count="2"/>
      <line num="60" type="stmt" count="10"/>
      <line num="61" type="stmt" count="10"/>
      <line num="62" type="stmt" count="1"/>
      <line num="65" type="stmt" count="10"/>
      <line num="68" type="stmt" count="10"/>
      <line num="69" type="stmt" count="3"/>
      <line num="72" type="stmt" count="8"/>
      <line num="75" type="method" name="getDefaultTranslationLocale" visibility="public" complexity="1" crap="1" count="13"/>
      <line num="80" type="stmt" count="13"/>
      <line num="83" type="method" name="clearTranslations" visibility="public" complexity="6" crap="6" count="4"/>
      <line num="85" type="stmt" count="4"/>
      <line num="87" type="stmt" count="1"/>
      <line num="88" type="stmt" count="1"/>
      <line num="91" type="stmt" count="3"/>
      <line num="92" type="stmt" count="1"/>
      <line num="94" type="stmt" count="2"/>
      <line num="95" type="stmt" count="2"/>
      <line num="96" type="stmt" count="1"/>
      <line num="98" type="stmt" count="2"/>
      <line num="103" type="method" name="hasTranslation" visibility="public" complexity="4" crap="4" count="1"/>
      <line num="105" type="stmt" count="1"/>
      <line num="106" type="stmt" count="1"/>
      <line num="110" type="stmt" count="1"/>
      <line num="111" type="stmt" count="1"/>
      <line num="114" type="stmt" count="1"/>
      <line num="115" type="stmt" count="1"/>
      <line num="116" type="stmt" count="1"/>
      <line num="118" type="stmt" count="1"/>
      <line num="119" type="stmt" count="1"/>
      <line num="120" type="stmt" count="1"/>
      <line num="121" type="stmt" count="1"/>
      <line num="122" type="stmt" count="1"/>
      <line num="123" type="stmt" count="1"/>
      <line num="124" type="stmt" count="1"/>
      <line num="125" type="stmt" count="1"/>
      <line num="132" type="method" name="addTranslation" visibility="public" complexity="7" crap="7" count="5"/>
      <line num="134" type="stmt" count="5"/>
      <line num="135" type="stmt" count="1"/>
      <line num="138" type="stmt" count="4"/>
      <line num="141" type="stmt" count="4"/>
      <line num="142" type="stmt" count="1"/>
      <line num="143" type="stmt" count="1"/>
      <line num="144" type="stmt" count="1"/>
      <line num="148" type="stmt" count="3"/>
      <line num="151" type="stmt" count="3"/>
      <line num="152" type="stmt" count="3"/>
      <line num="156" type="stmt" count="3"/>
      <line num="158" type="stmt" count="3"/>
      <line num="159" type="stmt" count="3"/>
      <line num="161" type="stmt" count="3"/>
      <line num="164" type="stmt" count="3"/>
      <line num="165" type="stmt" count="3"/>
      <line num="166" type="stmt" count="3"/>
      <line num="168" type="stmt" count="3"/>
      <metrics loc="171" ncloc="149" classes="1" methods="9" coveredmethods="9" conditionals="0" coveredconditionals="0" statements="65" coveredstatements="65" elements="74" coveredelements="74"/>
    </file>
    <file name="/home/runner/work/translatable/translatable/src/Exceptions/LanguageNotAllowedException.php">
      <class name="Javaabu\Translatable\Exceptions\LanguageNotAllowedException" namespace="global">
        <metrics complexity="2" methods="2" coveredmethods="2" conditionals="0" coveredconditionals="0" statements="2" coveredstatements="2" elements="4" coveredelements="4"/>
      </class>
      <line num="9" type="method" name="__construct" visibility="public" complexity="1" crap="1" count="4"/>
      <line num="11" type="stmt" count="4"/>
      <line num="14" type="method" name="create" visibility="public" complexity="1" crap="1" count="4"/>
      <line num="16" type="stmt" count="4"/>
      <metrics loc="19" ncloc="19" classes="1" methods="2" coveredmethods="2" conditionals="0" coveredconditionals="0" statements="2" coveredstatements="2" elements="4" coveredelements="4"/>
    </file>
    <file name="/home/runner/work/translatable/translatable/src/JsonTranslatable/IsJsonTranslatable.php">
      <class name="Javaabu\Translatable\JsonTranslatable\IsJsonTranslatable" namespace="global">
        <metrics complexity="19" methods="6" coveredmethods="6" conditionals="0" coveredconditionals="0" statements="41" coveredstatements="41" elements="47" coveredelements="47"/>
      </class>
      <line num="19" type="method" name="getFieldsIgnoredForTranslation" visibility="public" complexity="1" crap="1" count="3"/>
      <line num="21" type="stmt" count="3"/>
      <line num="22" type="stmt" count="3"/>
      <line num="23" type="stmt" count="3"/>
      <line num="24" type="stmt" count="3"/>
      <line num="37" type="method" name="translate" visibility="public" complexity="9" crap="9" count="9"/>
      <line num="40" type="stmt" count="9"/>
      <line num="41" type="stmt" count="1"/>
      <line num="45" type="stmt" count="9"/>
      <line num="46" type="stmt" count="1"/>
      <line num="50" type="stmt" count="9"/>
      <line num="51" type="stmt" count="1"/>
      <line num="55" type="stmt" count="9"/>
      <line num="56" type="stmt" count="2"/>
      <line num="59" type="stmt" count="9"/>
      <line num="62" type="stmt" count="9"/>
      <line num="63" type="stmt" count="3"/>
      <line num="66" type="stmt" count="7"/>
      <line num="74" type="method" name="getDefaultTranslationLocale" visibility="public" complexity="1" crap="1" count="11"/>
      <line num="76" type="stmt" count="11"/>
      <line num="85" type="method" name="clearTranslations" visibility="public" complexity="3" crap="3" count="2"/>
      <line num="88" type="stmt" count="2"/>
      <line num="89" type="stmt" count="1"/>
      <line num="90" type="stmt" count="1"/>
      <line num="91" type="stmt" count="1"/>
      <line num="94" type="stmt" count="1"/>
      <line num="96" type="stmt" count="1"/>
      <line num="97" type="stmt" count="1"/>
      <line num="100" type="stmt" count="1"/>
      <line num="102" type="stmt" count="1"/>
      <line num="103" type="stmt" count="1"/>
      <line num="112" type="method" name="hasTranslation" visibility="public" complexity="2" crap="2" count="1"/>
      <line num="114" type="stmt" count="1"/>
      <line num="115" type="stmt" count="1"/>
      <line num="118" type="stmt" count="1"/>
      <line num="130" type="method" name="addTranslation" visibility="public" complexity="3" crap="3" count="4"/>
      <line num="132" type="stmt" count="4"/>
      <line num="133" type="stmt" count="1"/>
      <line num="137" type="stmt" count="3"/>
      <line num="138" type="stmt" count="3"/>
      <line num="139" type="stmt" count="3"/>
      <line num="140" type="stmt" count="3"/>
      <line num="141" type="stmt" count="3"/>
      <line num="142" type="stmt" count="3"/>
      <line num="143" type="stmt" count="3"/>
      <line num="144" type="stmt" count="3"/>
      <line num="146" type="stmt" count="3"/>
      <metrics loc="149" ncloc="102" classes="1" methods="6" coveredmethods="6" conditionals="0" coveredconditionals="0" statements="41" coveredstatements="41" elements="47" coveredelements="47"/>
    </file>
    <file name="/home/runner/work/translatable/translatable/src/JsonTranslatable/JsonTranslatableSchema.php">
      <class name="Javaabu\Translatable\JsonTranslatable\JsonTranslatableSchema" namespace="global">
        <metrics complexity="1" methods="1" coveredmethods="1" conditionals="0" coveredconditionals="0" statements="2" coveredstatements="2" elements="3" coveredelements="3"/>
      </class>
      <line num="15" type="method" name="columns" visibility="public" complexity="1" crap="1" count="50"/>
      <line num="20" type="stmt" count="50"/>
      <line num="23" type="stmt" count="50"/>
      <metrics loc="26" ncloc="17" classes="1" methods="1" coveredmethods="1" conditionals="0" coveredconditionals="0" statements="2" coveredstatements="2" elements="3" coveredelements="3"/>
    </file>
    <file name="/home/runner/work/translatable/translatable/src/Translatable.php">
      <metrics loc="141" ncloc="42" classes="0" methods="0" coveredmethods="0" conditionals="0" coveredconditionals="0" statements="0" coveredstatements="0" elements="0" coveredelements="0"/>
    </file>
    <file name="/home/runner/work/translatable/translatable/src/TranslatableServiceProvider.php">
      <class name="Javaabu\Translatable\TranslatableServiceProvider" namespace="global">
        <metrics complexity="3" methods="2" coveredmethods="2" conditionals="0" coveredconditionals="0" statements="5" coveredstatements="5" elements="7" coveredelements="7"/>
      </class>
      <line num="12" type="method" name="boot" visibility="public" complexity="2" crap="2" count="51"/>
      <line num="18" type="stmt" count="51"/>
      <line num="19" type="stmt" count="51"/>
      <line num="20" type="stmt" count="51"/>
      <line num="21" type="stmt" count="51"/>
      <line num="28" type="method" name="register" visibility="public" complexity="1" crap="1" count="51"/>
      <line num="31" type="stmt" count="51"/>
      <metrics loc="34" ncloc="23" classes="1" methods="2" coveredmethods="2" conditionals="0" coveredconditionals="0" statements="5" coveredstatements="5" elements="7" coveredelements="7"/>
    </file>
    <metrics files="8" loc="738" ncloc="479" classes="7" methods="33" coveredmethods="33" conditionals="0" coveredconditionals="0" statements="152" coveredstatements="152" elements="185" coveredelements="185"/>
  </project>
</coverage>
